  stdafx.cpp
  ThreeDimReconstruction.cpp
c:\users\kenneth au\documents\comp5421-project\comp5421-project\comp5421-project\threedimreconstruction.cpp(34): warning C4244: 'initializing': conversion from 'float' to 'int', possible loss of data
c:\users\kenneth au\documents\comp5421-project\comp5421-project\comp5421-project\threedimreconstruction.cpp(34): warning C4244: 'initializing': conversion from 'float' to 'const int', possible loss of data
c:\users\kenneth au\documents\comp5421-project\comp5421-project\comp5421-project\threedimreconstruction.cpp(35): warning C4244: 'initializing': conversion from 'float' to 'int', possible loss of data
c:\users\kenneth au\documents\comp5421-project\comp5421-project\comp5421-project\threedimreconstruction.cpp(35): warning C4244: 'initializing': conversion from 'float' to 'const int', possible loss of data
c:\users\kenneth au\documents\comp5421-project\comp5421-project\comp5421-project\threedimreconstruction.cpp(41): warning C4244: '*=': conversion from 'const double' to 'int', possible loss of data
c:\users\kenneth au\documents\comp5421-project\comp5421-project\comp5421-project\threedimreconstruction.cpp(42): warning C4244: '*=': conversion from 'const double' to 'int', possible loss of data
c:\users\kenneth au\documents\comp5421-project\comp5421-project\comp5421-project\threedimreconstruction.cpp(101): warning C4267: 'initializing': conversion from 'size_t' to 'int', possible loss of data
c:\users\kenneth au\documents\comp5421-project\comp5421-project\comp5421-project\threedimreconstruction.cpp(101): warning C4267: 'initializing': conversion from 'size_t' to 'const int', possible loss of data
c:\users\kenneth au\documents\comp5421-project\comp5421-project\comp5421-project\threedimreconstruction.cpp(130): warning C4305: 'initializing': truncation from 'double' to 'float'
c:\users\kenneth au\documents\comp5421-project\comp5421-project\comp5421-project\threedimreconstruction.cpp(213): warning C4477: 'printf' : format string '%d' requires an argument of type 'int', but variadic argument 1 has type 'unsigned __int64'
  c:\users\kenneth au\documents\comp5421-project\comp5421-project\comp5421-project\threedimreconstruction.cpp(213): note: consider using '%zd' in the format string
  siftSample.cpp
c:\users\kenneth au\documents\comp5421-project\comp5421-project\comp5421-project\siftsample.cpp(165): warning C4244: 'argument': conversion from 'int' to 'float', possible loss of data
c:\users\kenneth au\documents\comp5421-project\comp5421-project\comp5421-project\siftsample.cpp(183): warning C4244: 'argument': conversion from 'float' to 'int', possible loss of data
  main.cpp
  COMP5421-project.cpp
  Generating Code...
  COMP5421-project.vcxproj -> C:\Users\Kenneth Au\Documents\COMP5421-project\COMP5421-project\x64\Debug\COMP5421-project.exe
  COMP5421-project.vcxproj -> C:\Users\Kenneth Au\Documents\COMP5421-project\COMP5421-project\x64\Debug\COMP5421-project.pdb (Partial PDB)
